
> badge_system_new@0.1.0 dev
> next dev

(node:47915) ExperimentalWarning: stream/web is an experimental feature. This feature could change at any time
(Use `node --trace-warnings ...` to show where the warning was created)
- ready started server on 0.0.0.0:3000, url: http://localhost:3000
(node:47916) ExperimentalWarning: stream/web is an experimental feature. This feature could change at any time
(Use `node --trace-warnings ...` to show where the warning was created)
npm warn cli npm v11.2.0 does not support Node.js v16.13.2. This version of npm supports the following node versions: `^20.17.0 || >=22.9.0`. You can find the latest version at https://nodejs.org/.
npm warn Unknown env config "metrics-registry". This will stop working in the next major version of npm.
- [35mevent[39m compiled client and server successfully in 1038 ms (20 modules)
- [36mwait[39m compiling...
- [35mevent[39m compiled client and server successfully in 551 ms (20 modules)
- [36mwait[39m compiling /page (client and server)...
- [35mevent[39m compiled client and server successfully in 8.2s (1685 modules)
- [36mwait[39m compiling...
- [35mevent[39m compiled successfully in 414 ms (231 modules)
(node:47917) ExperimentalWarning: stream/web is an experimental feature. This feature could change at any time
(Use `node --trace-warnings ...` to show where the warning was created)
(node:47936) ExperimentalWarning: stream/web is an experimental feature. This feature could change at any time
(Use `node --trace-warnings ...` to show where the warning was created)
(node:47938) ExperimentalWarning: stream/web is an experimental feature. This feature could change at any time
(Use `node --trace-warnings ...` to show where the warning was created)
- [36mwait[39m compiling /admin/rules/page (client and server)...
- [35mevent[39m compiled client and server successfully in 1174 ms (1674 modules)
(node:47942) ExperimentalWarning: stream/web is an experimental feature. This feature could change at any time
(Use `node --trace-warnings ...` to show where the warning was created)
- [36mwait[39m compiling...
- [35mevent[39m compiled successfully in 1896 ms (217 modules)
- [36mwait[39m compiling...
- [35mevent[39m compiled successfully in 282 ms (217 modules)
- [36mwait[39m compiling...
- [35mevent[39m compiled successfully in 1377 ms (231 modules)
- [36mwait[39m compiling...
- [35mevent[39m compiled successfully in 2.7s (231 modules)
- [36mwait[39m compiling...
- [35mevent[39m compiled client and server successfully in 1671 ms (231 modules)
- [36mwait[39m compiling /admin/rules/page (client and server)...
- [31merror[39m ./src/components/rules-form/RulesForm.tsx
ReactServerComponentsError:

You're importing a component that needs useState. It only works in a Client Component but none of its parents are marked with "use client", so they're Server Components by default.
Learn more: https://nextjs.org/docs/getting-started/react-essentials

   ,-[[36;1;4m/Users/ricardokawasaki/badge_system_new/src/components/rules-form/RulesForm.tsx[0m:1:1]
 [2m1[0m | import { useState } from "react"
   : [31;1m         ^^^^^^^^[0m
 [2m2[0m | import { Card, CardContent, CardHeader, CardTitle } from "@/components/ui/card"
 [2m3[0m | import { Button } from "@/components/ui/button"
 [2m4[0m | import { Input } from "@/components/ui/input"
   `----

Maybe one of these should be marked as a client entry with "use client":
  ./src/components/rules-form/RulesForm.tsx
  ./src/app/admin/rules/page.tsx
- [36mwait[39m compiling /_error (client and server)...
- [31merror[39m ./src/components/rules-form/RulesForm.tsx
ReactServerComponentsError:

You're importing a component that needs useState. It only works in a Client Component but none of its parents are marked with "use client", so they're Server Components by default.
Learn more: https://nextjs.org/docs/getting-started/react-essentials

   ,-[[36;1;4m/Users/ricardokawasaki/badge_system_new/src/components/rules-form/RulesForm.tsx[0m:1:1]
 [2m1[0m | import { useState } from "react"
   : [31;1m         ^^^^^^^^[0m
 [2m2[0m | import { Card, CardContent, CardHeader, CardTitle } from "@/components/ui/card"
 [2m3[0m | import { Button } from "@/components/ui/button"
 [2m4[0m | import { Input } from "@/components/ui/input"
   `----

Maybe one of these should be marked as a client entry with "use client":
  ./src/components/rules-form/RulesForm.tsx
  ./src/app/admin/rules/page.tsx
- [36mwait[39m compiling...
- [35mevent[39m compiled client and server successfully in 4.5s (358 modules)
- [33mwarn[39m Fast Refresh had to perform a full reload due to a runtime error.
- [36mwait[39m compiling /admin/rules/page (client and server)...
- [31merror[39m ./src/components/rules-form/RulesForm.tsx:4:0
[31m[1mModule not found[22m[39m: Can't resolve '[32m@/components/ui/card[39m'
[0m [90m 2 | [39m[0m
[0m [90m 3 | [39m[36mimport[39m { useState } [36mfrom[39m [32m"react"[39m[0m
[0m[31m[1m>[22m[39m[90m 4 | [39m[36mimport[39m { [33mCard[39m[33m,[39m [33mCardContent[39m[33m,[39m [33mCardHeader[39m[33m,[39m [33mCardTitle[39m } [36mfrom[39m [32m"@/components/ui/card"[39m[0m
[0m [90m 5 | [39m[36mimport[39m { [33mButton[39m } [36mfrom[39m [32m"@/components/ui/button"[39m[0m
[0m [90m 6 | [39m[36mimport[39m { [33mInput[39m } [36mfrom[39m [32m"@/components/ui/input"[39m[0m
[0m [90m 7 | [39m[36mimport[39m { [33mLabel[39m } [36mfrom[39m [32m"@/components/ui/label"[39m[0m

https://nextjs.org/docs/messages/module-not-found
- [36mwait[39m compiling...
- [31merror[39m ./src/components/rules-form/RulesForm.tsx:4:0
[31m[1mModule not found[22m[39m: Can't resolve '[32m@/components/ui/card[39m'
[0m [90m 2 | [39m[0m
[0m [90m 3 | [39m[36mimport[39m { useState } [36mfrom[39m [32m"react"[39m[0m
[0m[31m[1m>[22m[39m[90m 4 | [39m[36mimport[39m { [33mCard[39m[33m,[39m [33mCardContent[39m[33m,[39m [33mCardHeader[39m[33m,[39m [33mCardTitle[39m } [36mfrom[39m [32m"@/components/ui/card"[39m[0m
[0m [90m 5 | [39m[36mimport[39m { [33mButton[39m } [36mfrom[39m [32m"@/components/ui/button"[39m[0m
[0m [90m 6 | [39m[36mimport[39m { [33mInput[39m } [36mfrom[39m [32m"@/components/ui/input"[39m[0m
[0m [90m 7 | [39m[36mimport[39m { [33mLabel[39m } [36mfrom[39m [32m"@/components/ui/label"[39m[0m

https://nextjs.org/docs/messages/module-not-found
- [36mwait[39m compiling...
- [31merror[39m ./src/components/rules-form/RulesForm.tsx:4:0
[31m[1mModule not found[22m[39m: Can't resolve '[32m@/components/ui/card[39m'
[0m [90m 2 | [39m[0m
[0m [90m 3 | [39m[36mimport[39m { useState } [36mfrom[39m [32m"react"[39m[0m
[0m[31m[1m>[22m[39m[90m 4 | [39m[36mimport[39m { [33mCard[39m[33m,[39m [33mCardContent[39m[33m,[39m [33mCardHeader[39m[33m,[39m [33mCardTitle[39m } [36mfrom[39m [32m"@/components/ui/card"[39m[0m
[0m [90m 5 | [39m[36mimport[39m { [33mButton[39m } [36mfrom[39m [32m"@/components/ui/button"[39m[0m
[0m [90m 6 | [39m[36mimport[39m { [33mInput[39m } [36mfrom[39m [32m"@/components/ui/input"[39m[0m
[0m [90m 7 | [39m[36mimport[39m { [33mLabel[39m } [36mfrom[39m [32m"@/components/ui/label"[39m[0m

https://nextjs.org/docs/messages/module-not-found
- [36mwait[39m compiling /admin/rules/page (client and server)...
- [31merror[39m ./src/components/rules-form/RulesForm.tsx:4:0
[31m[1mModule not found[22m[39m: Can't resolve '[32m@/components/ui/card[39m'
[0m [90m 2 | [39m[0m
[0m [90m 3 | [39m[36mimport[39m { useState } [36mfrom[39m [32m"react"[39m[0m
[0m[31m[1m>[22m[39m[90m 4 | [39m[36mimport[39m { [33mCard[39m[33m,[39m [33mCardContent[39m[33m,[39m [33mCardHeader[39m[33m,[39m [33mCardTitle[39m } [36mfrom[39m [32m"@/components/ui/card"[39m[0m
[0m [90m 5 | [39m[36mimport[39m { [33mButton[39m } [36mfrom[39m [32m"@/components/ui/button"[39m[0m
[0m [90m 6 | [39m[36mimport[39m { [33mInput[39m } [36mfrom[39m [32m"@/components/ui/input"[39m[0m
[0m [90m 7 | [39m[36mimport[39m { [33mLabel[39m } [36mfrom[39m [32m"@/components/ui/label"[39m[0m

https://nextjs.org/docs/messages/module-not-found
- [36mwait[39m compiling...
- [31merror[39m ./src/components/rules-form/RulesForm.tsx:4:0
[31m[1mModule not found[22m[39m: Can't resolve '[32m@/components/ui/card[39m'
[0m [90m 2 | [39m[0m
[0m [90m 3 | [39m[36mimport[39m { useState } [36mfrom[39m [32m"react"[39m[0m
[0m[31m[1m>[22m[39m[90m 4 | [39m[36mimport[39m { [33mCard[39m[33m,[39m [33mCardContent[39m[33m,[39m [33mCardHeader[39m[33m,[39m [33mCardTitle[39m } [36mfrom[39m [32m"@/components/ui/card"[39m[0m
[0m [90m 5 | [39m[36mimport[39m { [33mButton[39m } [36mfrom[39m [32m"@/components/ui/button"[39m[0m
[0m [90m 6 | [39m[36mimport[39m { [33mInput[39m } [36mfrom[39m [32m"@/components/ui/input"[39m[0m
[0m [90m 7 | [39m[36mimport[39m { [33mLabel[39m } [36mfrom[39m [32m"@/components/ui/label"[39m[0m

https://nextjs.org/docs/messages/module-not-found
- [36mwait[39m compiling...
- [31merror[39m ./src/components/rules-form/RulesForm.tsx:4:0
[31m[1mModule not found[22m[39m: Can't resolve '[32m@/components/ui/card[39m'
[0m [90m 2 | [39m[0m
[0m [90m 3 | [39m[36mimport[39m { useState } [36mfrom[39m [32m"react"[39m[0m
[0m[31m[1m>[22m[39m[90m 4 | [39m[36mimport[39m { [33mCard[39m[33m,[39m [33mCardContent[39m[33m,[39m [33mCardHeader[39m[33m,[39m [33mCardTitle[39m } [36mfrom[39m [32m"@/components/ui/card"[39m[0m
[0m [90m 5 | [39m[36mimport[39m { [33mButton[39m } [36mfrom[39m [32m"@/components/ui/button"[39m[0m
[0m [90m 6 | [39m[36mimport[39m { [33mInput[39m } [36mfrom[39m [32m"@/components/ui/input"[39m[0m
[0m [90m 7 | [39m[36mimport[39m { [33mLabel[39m } [36mfrom[39m [32m"@/components/ui/label"[39m[0m

https://nextjs.org/docs/messages/module-not-found
- [36mwait[39m compiling...
- [31merror[39m ./src/components/rules-form/RulesForm.tsx:4:0
[31m[1mModule not found[22m[39m: Can't resolve '[32m@/components/ui/card[39m'
[0m [90m 2 | [39m[0m
[0m [90m 3 | [39m[36mimport[39m { useState } [36mfrom[39m [32m"react"[39m[0m
[0m[31m[1m>[22m[39m[90m 4 | [39m[36mimport[39m { [33mCard[39m[33m,[39m [33mCardContent[39m[33m,[39m [33mCardHeader[39m[33m,[39m [33mCardTitle[39m } [36mfrom[39m [32m"@/components/ui/card"[39m[0m
[0m [90m 5 | [39m[36mimport[39m { [33mButton[39m } [36mfrom[39m [32m"@/components/ui/button"[39m[0m
[0m [90m 6 | [39m[36mimport[39m { [33mInput[39m } [36mfrom[39m [32m"@/components/ui/input"[39m[0m
[0m [90m 7 | [39m[36mimport[39m { [33mLabel[39m } [36mfrom[39m [32m"@/components/ui/label"[39m[0m

https://nextjs.org/docs/messages/module-not-found
- [36mwait[39m compiling...
- [31merror[39m ./src/components/rules-form/RulesForm.tsx:4:0
[31m[1mModule not found[22m[39m: Can't resolve '[32m@/components/ui/card[39m'
[0m [90m 2 | [39m[0m
[0m [90m 3 | [39m[36mimport[39m { useState } [36mfrom[39m [32m"react"[39m[0m
[0m[31m[1m>[22m[39m[90m 4 | [39m[36mimport[39m { [33mCard[39m[33m,[39m [33mCardContent[39m[33m,[39m [33mCardHeader[39m[33m,[39m [33mCardTitle[39m } [36mfrom[39m [32m"@/components/ui/card"[39m[0m
[0m [90m 5 | [39m[36mimport[39m { [33mButton[39m } [36mfrom[39m [32m"@/components/ui/button"[39m[0m
[0m [90m 6 | [39m[36mimport[39m { [33mInput[39m } [36mfrom[39m [32m"@/components/ui/input"[39m[0m
[0m [90m 7 | [39m[36mimport[39m { [33mLabel[39m } [36mfrom[39m [32m"@/components/ui/label"[39m[0m

https://nextjs.org/docs/messages/module-not-found
[?25h
